{
  "RSpec": {
    "coverage": {
      "/home/rohan/Documents/_1web-practise/try-web17exam/config/environment.rb": [
        null,
        1,
        null,
        null,
        1
      ],
      "/home/rohan/Documents/_1web-practise/try-web17exam/config/environments/test.rb": [
        1,
        null,
        null,
        null,
        null,
        null,
        null,
        1,
        null,
        null,
        null,
        null,
        1,
        null,
        null,
        1,
        1,
        null,
        null,
        null,
        null,
        1,
        1,
        null,
        null,
        1,
        null,
        null,
        1,
        null,
        null,
        1,
        null,
        1,
        null,
        null,
        null,
        null,
        1,
        null,
        null,
        1,
        null,
        null,
        null,
        null
      ],
      "/home/rohan/Documents/_1web-practise/try-web17exam/config/initializers/application_controller_renderer.rb": [
        null,
        null,
        null,
        null,
        null,
        null,
        null,
        null
      ],
      "/home/rohan/Documents/_1web-practise/try-web17exam/config/initializers/assets.rb": [
        null,
        null,
        null,
        1,
        null,
        null,
        null,
        null,
        1,
        null,
        null,
        null,
        null,
        null
      ],
      "/home/rohan/Documents/_1web-practise/try-web17exam/config/initializers/backtrace_silencers.rb": [
        null,
        null,
        null,
        null,
        null,
        null,
        null
      ],
      "/home/rohan/Documents/_1web-practise/try-web17exam/config/initializers/content_security_policy.rb": [
        null,
        null,
        null,
        null,
        null,
        null,
        null,
        null,
        null,
        null,
        null,
        null,
        null,
        null,
        null,
        null,
        null,
        null,
        null,
        null,
        null,
        null,
        null,
        null,
        null
      ],
      "/home/rohan/Documents/_1web-practise/try-web17exam/config/initializers/cookies_serializer.rb": [
        null,
        null,
        null,
        null,
        1
      ],
      "/home/rohan/Documents/_1web-practise/try-web17exam/config/initializers/devise.rb": [
        null,
        null,
        null,
        null,
        1,
        null,
        null,
        null,
        null,
        null,
        null,
        null,
        null,
        null,
        null,
        null,
        null,
        null,
        null,
        null,
        1,
        null,
        null,
        null,
        null,
        null,
        null,
        null,
        null,
        null,
        null,
        null,
        1,
        null,
        null,
        null,
        null,
        null,
        null,
        null,
        null,
        null,
        null,
        null,
        null,
        null,
        null,
        null,
        null,
        null,
        null,
        null,
        null,
        null,
        1,
        null,
        null,
        null,
        null,
        1,
        null,
        null,
        null,
        null,
        null,
        null,
        null,
        null,
        null,
        null,
        null,
        null,
        null,
        null,
        null,
        null,
        null,
        null,
        null,
        null,
        null,
        null,
        null,
        null,
        null,
        null,
        null,
        null,
        null,
        null,
        1,
        null,
        null,
        null,
        null,
        null,
        null,
        null,
        null,
        null,
        null,
        null,
        null,
        null,
        null,
        null,
        null,
        null,
        null,
        null,
        null,
        null,
        null,
        1,
        null,
        null,
        null,
        null,
        null,
        null,
        null,
        null,
        null,
        null,
        null,
        null,
        null,
        null,
        null,
        null,
        null,
        null,
        null,
        null,
        null,
        null,
        null,
        null,
        null,
        null,
        null,
        null,
        null,
        null,
        1,
        null,
        null,
        null,
        null,
        null,
        null,
        null,
        null,
        null,
        1,
        null,
        null,
        null,
        null,
        null,
        null,
        null,
        null,
        null,
        null,
        1,
        null,
        null,
        null,
        null,
        1,
        null,
        null,
        null,
        null,
        null,
        null,
        null,
        null,
        null,
        null,
        null,
        null,
        null,
        null,
        null,
        null,
        null,
        null,
        null,
        null,
        null,
        null,
        null,
        null,
        null,
        null,
        null,
        null,
        null,
        null,
        null,
        null,
        null,
        null,
        null,
        null,
        null,
        null,
        null,
        null,
        1,
        null,
        null,
        null,
        null,
        null,
        null,
        null,
        null,
        null,
        null,
        null,
        null,
        null,
        null,
        null,
        null,
        null,
        null,
        null,
        null,
        null,
        null,
        null,
        null,
        null,
        null,
        null,
        null,
        null,
        null,
        null,
        null,
        null,
        null,
        null,
        null,
        null,
        null,
        null,
        null,
        null,
        1,
        null,
        null,
        null,
        null,
        null,
        null,
        null,
        null,
        null,
        null,
        null,
        null,
        null,
        null,
        null,
        null,
        null,
        null,
        null,
        null,
        null,
        null,
        null,
        null,
        null,
        null,
        null,
        null,
        null,
        null,
        null,
        null,
        null,
        null,
        null,
        null
      ],
      "/home/rohan/Documents/_1web-practise/try-web17exam/config/initializers/filter_parameter_logging.rb": [
        null,
        null,
        null,
        1
      ],
      "/home/rohan/Documents/_1web-practise/try-web17exam/config/initializers/inflections.rb": [
        null,
        null,
        null,
        null,
        null,
        null,
        null,
        null,
        null,
        null,
        null,
        null,
        null,
        null,
        null,
        null
      ],
      "/home/rohan/Documents/_1web-practise/try-web17exam/config/initializers/mime_types.rb": [
        null,
        null,
        null,
        null
      ],
      "/home/rohan/Documents/_1web-practise/try-web17exam/config/initializers/wrap_parameters.rb": [
        null,
        null,
        null,
        null,
        null,
        null,
        1,
        2,
        null,
        null,
        null,
        null,
        null,
        null
      ],
      "/home/rohan/Documents/_1web-practise/try-web17exam/config/routes.rb": [
        1,
        1,
        1,
        1,
        1,
        null,
        1,
        null,
        null
      ],
      "/home/rohan/Documents/_1web-practise/try-web17exam/app/models/user.rb": [
        1,
        null,
        null,
        1,
        null,
        1,
        1,
        null,
        null,
        1,
        0,
        null,
        null
      ],
      "/home/rohan/Documents/_1web-practise/try-web17exam/app/models/application_record.rb": [
        1,
        1,
        null
      ],
      "/home/rohan/Documents/_1web-practise/try-web17exam/test/controllers/courses_controller_test.rb": [
        1,
        null,
        1,
        1,
        7,
        null,
        null,
        1,
        1,
        1,
        null,
        null,
        1,
        1,
        1,
        null,
        null,
        1,
        1,
        1,
        null,
        null,
        1,
        null,
        null,
        1,
        1,
        1,
        null,
        null,
        1,
        1,
        1,
        null,
        null,
        1,
        1,
        1,
        null,
        null,
        1,
        1,
        1,
        null,
        null,
        0,
        null,
        null
      ],
      "/home/rohan/Documents/_1web-practise/try-web17exam/test/controllers/registration_courses_controller_test.rb": [
        1,
        null,
        1,
        1,
        7,
        null,
        null,
        1,
        1,
        1,
        null,
        null,
        1,
        1,
        1,
        null,
        null,
        1,
        1,
        1,
        null,
        null,
        1,
        null,
        null,
        1,
        1,
        1,
        null,
        null,
        1,
        1,
        1,
        null,
        null,
        1,
        1,
        1,
        null,
        null,
        1,
        1,
        1,
        null,
        null,
        1,
        null,
        null
      ],
      "/home/rohan/Documents/_1web-practise/try-web17exam/test/models/course_offering_test.rb": [
        1,
        null,
        1,
        null,
        null,
        null,
        null
      ],
      "/home/rohan/Documents/_1web-practise/try-web17exam/test/models/course_test.rb": [
        1,
        null,
        1,
        null,
        null,
        null,
        null
      ],
      "/home/rohan/Documents/_1web-practise/try-web17exam/test/models/registration_course_test.rb": [
        1,
        null,
        1,
        null,
        null,
        null,
        null
      ],
      "/home/rohan/Documents/_1web-practise/try-web17exam/test/models/role_test.rb": [
        1,
        null,
        1,
        null,
        null,
        null,
        null
      ],
      "/home/rohan/Documents/_1web-practise/try-web17exam/test/models/user_test.rb": [
        1,
        null,
        1,
        null,
        null,
        null,
        null
      ],
      "/home/rohan/Documents/_1web-practise/try-web17exam/app/models/role.rb": [
        1,
        1,
        null
      ],
      "/home/rohan/Documents/_1web-practise/try-web17exam/app/models/course.rb": [
        1,
        null,
        null
      ],
      "/home/rohan/Documents/_1web-practise/try-web17exam/app/models/course_offering.rb": [
        1,
        1,
        null,
        null
      ],
      "/home/rohan/Documents/_1web-practise/try-web17exam/app/models/registration_course.rb": [
        1,
        1,
        1,
        null,
        null,
        null
      ],
      "/home/rohan/Documents/_1web-practise/try-web17exam/app/controllers/registration_courses_controller.rb": [
        1,
        1,
        null,
        null,
        null,
        1,
        1,
        null,
        null,
        null,
        null,
        1,
        null,
        null,
        null,
        1,
        1,
        null,
        null,
        null,
        1,
        null,
        null,
        null,
        null,
        1,
        1,
        null,
        1,
        1,
        2,
        1,
        null,
        0,
        0,
        null,
        null,
        null,
        null,
        null,
        null,
        1,
        1,
        1,
        2,
        1,
        null,
        0,
        0,
        null,
        null,
        null,
        null,
        null,
        null,
        1,
        1,
        1,
        2,
        1,
        null,
        null,
        null,
        1,
        null,
        1,
        4,
        null,
        null,
        null,
        1,
        2,
        null,
        null
      ],
      "/home/rohan/Documents/_1web-practise/try-web17exam/app/controllers/application_controller.rb": [
        1,
        null
      ],
      "/home/rohan/Documents/_1web-practise/try-web17exam/app/helpers/application_helper.rb": [
        1,
        null
      ],
      "/home/rohan/Documents/_1web-practise/try-web17exam/app/helpers/course_offerings_helper.rb": [
        1,
        null
      ],
      "/home/rohan/Documents/_1web-practise/try-web17exam/app/helpers/courses_helper.rb": [
        1,
        null
      ],
      "/home/rohan/Documents/_1web-practise/try-web17exam/app/helpers/registration_courses_helper.rb": [
        1,
        null
      ],
      "/home/rohan/Documents/_1web-practise/try-web17exam/app/controllers/courses_controller.rb": [
        1,
        1,
        null,
        null,
        null,
        1,
        1,
        null,
        null,
        null,
        null,
        1,
        null,
        null,
        null,
        1,
        1,
        null,
        null,
        null,
        1,
        null,
        null,
        null,
        null,
        1,
        1,
        null,
        1,
        1,
        2,
        1,
        null,
        0,
        0,
        null,
        null,
        null,
        null,
        null,
        null,
        1,
        1,
        1,
        2,
        1,
        null,
        0,
        0,
        null,
        null,
        null,
        null,
        null,
        null,
        1,
        1,
        0,
        0,
        0,
        null,
        null,
        null,
        1,
        null,
        1,
        4,
        null,
        null,
        null,
        1,
        2,
        null,
        null
      ],
      "/home/rohan/Documents/_1web-practise/try-web17exam/app/controllers/course_offerings_controller.rb": [
        1,
        1,
        1,
        null,
        null,
        1,
        1,
        null,
        null,
        null,
        null,
        1,
        null,
        null,
        null,
        1,
        0,
        null,
        null,
        null,
        1,
        null,
        null,
        null,
        null,
        1,
        0,
        null,
        0,
        0,
        0,
        0,
        null,
        0,
        0,
        null,
        null,
        null,
        null,
        null,
        null,
        1,
        0,
        0,
        0,
        0,
        null,
        0,
        0,
        null,
        null,
        null,
        null,
        null,
        null,
        1,
        0,
        0,
        0,
        0,
        null,
        null,
        null,
        1,
        null,
        1,
        4,
        null,
        null,
        null,
        1,
        0,
        null,
        null
      ]
    },
    "timestamp": 1542706746
  }
}
